<?xml version="1.0" encoding="UTF-8"?>
<!-- Generated by org.testng.reporters.JUnitXMLReporter -->
<testsuite hostname="DESKTOP-V9K624K" failures="2" tests="2" name="Create Story" time="82.449" errors="0" timestamp="21 Jul 2020 06:12:35 GMT">
  <testcase classname="keanu.Tests.CreateStoryTest" name="login" time="23.722">
    <failure type="org.openqa.selenium.WebDriverException" message="Appium error: An unknown server-side error occurred while processing the command. Original error: &amp;apos;info.guardianproject.keanuapp&amp;apos; is still running after 500ms timeout (WARNING: The server did not provide any stacktrace information)
Command duration or timeout: 0 milliseconds
Build info: version: &amp;apos;3.141.59&amp;apos;, revision: &amp;apos;e82be7d358&amp;apos;, time: &amp;apos;2018-11-14T08:17:03&amp;apos;
System info: host: &amp;apos;DESKTOP-V9K624K&amp;apos;, ip: &amp;apos;192.168.43.117&amp;apos;, os.name: &amp;apos;Windows 10&amp;apos;, os.arch: &amp;apos;amd64&amp;apos;, os.version: &amp;apos;10.0&amp;apos;, java.version: &amp;apos;14&amp;apos;
Driver info: io.appium.java_client.AppiumDriver
Capabilities {64bit: false, acceptSslCert: false, acceptSslCerts: false, appActivity: info.guardianproject.keanua..., appPackage: info.guardianproject.keanuapp, appium_port: 38084, automationName: uiautomator2, browserstack.appiumLogs: true, browserstack.appiumVersion: 1.14.0, browserstack.appium_version: 1.14.0, browserstack.debug: true, browserstack.deviceLogs: true, browserstack.idleTimeout: 300, browserstack.ie.noFlash: false, browserstack.minOSVersion: 5.0, browserstack.tunnelIdentifier: , browserstack.video: true, browserstack.video.disableWaterMark: false, buildName: App Header Tests_Jul211136, bundleID: info.guardianproject.keanuapp, chromeOptions: {w3c: false}, databaseEnabled: false, detected_language: selenium/3.141.59 (java win..., device: oneplus 7t, deviceApiLevel: 29, deviceManufacturer: OnePlus, deviceModel: HD1901, deviceName: 53b3c824, deviceScreenDensity: 420, deviceScreenSize: 1080x2400, deviceUDID: 53b3c824, enablePerformanceLogging: false, javascriptEnabled: true, locationContextEnabled: false, mobile: {browser: mobile, version: OnePlus 7T-10.0}, nativeWebScreenshot: true, networkConnectionEnabled: true, newCommandTimeout: 0, new_bucketing: true, orientation: PORTRAIT, orig_os: android, osVersion: 10.0, os_version: 10.0, pixelRatio: 2.625, platform: ANDROID, platformName: ANDROID, platformVersion: 10, projectName: App Header Tests, proxy_type: node, realMobile: true, sessionName: My Accounts Test, statBarHeight: 80, systemPort: 8204, takesScreenshot: true, udid: 53b3c824, uiautomator2ServerLaunchTimeout: 60000, version: , viewportRect: {height: 2126, left: 0, top: 80, width: 1080}, warnings: {}, webStorageEnabled: false}
Session ID: ca42975443cb152e4d506c29c0ef054aa9a7d39f">
      <![CDATA[org.openqa.selenium.WebDriverException: Appium error: An unknown server-side error occurred while processing the command. Original error: 'info.guardianproject.keanuapp' is still running after 500ms timeout (WARNING: The server did not provide any stacktrace information)
Command duration or timeout: 0 milliseconds
Build info: version: '3.141.59', revision: 'e82be7d358', time: '2018-11-14T08:17:03'
System info: host: 'DESKTOP-V9K624K', ip: '192.168.43.117', os.name: 'Windows 10', os.arch: 'amd64', os.version: '10.0', java.version: '14'
Driver info: io.appium.java_client.AppiumDriver
Capabilities {64bit: false, acceptSslCert: false, acceptSslCerts: false, appActivity: info.guardianproject.keanua..., appPackage: info.guardianproject.keanuapp, appium_port: 38084, automationName: uiautomator2, browserstack.appiumLogs: true, browserstack.appiumVersion: 1.14.0, browserstack.appium_version: 1.14.0, browserstack.debug: true, browserstack.deviceLogs: true, browserstack.idleTimeout: 300, browserstack.ie.noFlash: false, browserstack.minOSVersion: 5.0, browserstack.tunnelIdentifier: , browserstack.video: true, browserstack.video.disableWaterMark: false, buildName: App Header Tests_Jul211136, bundleID: info.guardianproject.keanuapp, chromeOptions: {w3c: false}, databaseEnabled: false, detected_language: selenium/3.141.59 (java win..., device: oneplus 7t, deviceApiLevel: 29, deviceManufacturer: OnePlus, deviceModel: HD1901, deviceName: 53b3c824, deviceScreenDensity: 420, deviceScreenSize: 1080x2400, deviceUDID: 53b3c824, enablePerformanceLogging: false, javascriptEnabled: true, locationContextEnabled: false, mobile: {browser: mobile, version: OnePlus 7T-10.0}, nativeWebScreenshot: true, networkConnectionEnabled: true, newCommandTimeout: 0, new_bucketing: true, orientation: PORTRAIT, orig_os: android, osVersion: 10.0, os_version: 10.0, pixelRatio: 2.625, platform: ANDROID, platformName: ANDROID, platformVersion: 10, projectName: App Header Tests, proxy_type: node, realMobile: true, sessionName: My Accounts Test, statBarHeight: 80, systemPort: 8204, takesScreenshot: true, udid: 53b3c824, uiautomator2ServerLaunchTimeout: 60000, version: , viewportRect: {height: 2126, left: 0, top: 80, width: 1080}, warnings: {}, webStorageEnabled: false}
Session ID: ca42975443cb152e4d506c29c0ef054aa9a7d39f
	at org.openqa.selenium.remote.ErrorHandler.createThrowable(ErrorHandler.java:214)
	at org.openqa.selenium.remote.ErrorHandler.throwIfResponseFailed(ErrorHandler.java:166)
	at org.openqa.selenium.remote.http.JsonHttpResponseCodec.reconstructValue(JsonHttpResponseCodec.java:40)
	at org.openqa.selenium.remote.http.AbstractHttpResponseCodec.decode(AbstractHttpResponseCodec.java:80)
	at org.openqa.selenium.remote.http.AbstractHttpResponseCodec.decode(AbstractHttpResponseCodec.java:44)
	at org.openqa.selenium.remote.HttpCommandExecutor.execute(HttpCommandExecutor.java:158)
	at io.appium.java_client.remote.AppiumCommandExecutor.execute(AppiumCommandExecutor.java:239)
	at org.openqa.selenium.remote.RemoteWebDriver.execute(RemoteWebDriver.java:552)
	at io.appium.java_client.DefaultGenericMobileDriver.execute(DefaultGenericMobileDriver.java:42)
	at io.appium.java_client.AppiumDriver.execute(AppiumDriver.java:1)
	at io.appium.java_client.CommandExecutionHelper.execute(CommandExecutionHelper.java:27)
	at io.appium.java_client.InteractsWithApps.terminateApp(InteractsWithApps.java:203)
	at io.appium.java_client.InteractsWithApps.terminateApp(InteractsWithApps.java:187)
	at keanu.Library.AppLibrary.terminateApp(AppLibrary.java:242)
	at keanu.PageObject.SignUpSignInScreen.signIn(SignUpSignInScreen.java:60)
	at keanu.Tests.CreateStoryTest.login(CreateStoryTest.java:77)
... Removed 29 stack frames]]>
    </failure>
  </testcase> <!-- login -->
  <testcase classname="keanu.Tests.CreateStoryTest" name="CreateStoryTest" time="22.287">
    <failure type="java.lang.AssertionError" message="Element not found using locator: id:btnAttach expected [true] but found [false]">
      <![CDATA[java.lang.AssertionError: Element not found using locator: id:btnAttach expected [true] but found [false]
	at keanu.Library.AppLibrary.verifyMobileElement(AppLibrary.java:306)
	at keanu.Library.AppLibrary.verifyMobileElement(AppLibrary.java:293)
	at keanu.PageObject.ChatScreen.createStory(ChatScreen.java:321)
	at keanu.Tests.CreateStoryTest.CreateStoryTest(CreateStoryTest.java:85)
... Removed 27 stack frames]]>
    </failure>
  </testcase> <!-- CreateStoryTest -->
</testsuite> <!-- Create Story -->
