<?xml version="1.0" encoding="UTF-8"?>
<!-- Generated by org.testng.reporters.JUnitXMLReporter -->
<testsuite hostname="DESKTOP-V9K624K" failures="1" tests="2" name="MyProfile SignIn Test" time="59.189" errors="0" timestamp="27 Jul 2020 05:17:38 GMT">
  <testcase classname="keanu.Tests.MyProfileSignInTest" name="userLogin" time="20.858"/>
  <testcase classname="keanu.Tests.MyProfileSignInTest" name="verifyUser" time="15.288">
    <failure type="org.openqa.selenium.NoSuchElementException" message="An element could not be located on the page using the given search parameters.
For documentation on this error, please visit: https://www.seleniumhq.org/exceptions/no_such_element.html
Build info: version: &amp;apos;3.141.59&amp;apos;, revision: &amp;apos;e82be7d358&amp;apos;, time: &amp;apos;2018-11-14T08:17:03&amp;apos;
System info: host: &amp;apos;DESKTOP-V9K624K&amp;apos;, ip: &amp;apos;192.168.43.117&amp;apos;, os.name: &amp;apos;Windows 10&amp;apos;, os.arch: &amp;apos;amd64&amp;apos;, os.version: &amp;apos;10.0&amp;apos;, java.version: &amp;apos;14&amp;apos;
Driver info: io.appium.java_client.AppiumDriver
Capabilities {app: D:\ls\keanu-appium-testing\..., appActivity: info.guardianproject.keanua..., appPackage: info.guardianproject.keanuapp, autoGrantPermissions: true, automationName: UiAutomator2, databaseEnabled: false, desired: {app: D:\ls\keanu-appium-testing\..., appActivity: info.guardianproject.keanua..., appPackage: info.guardianproject.keanuapp, autoGrantPermissions: true, automationName: UiAutomator2, device: Google Pixel, newCommandTimeout: 90000, noResetValue: false, platformName: android, resetKeyboard: true, udid: emulator-5554, unicodeKeyboard: true}, device: Google Pixel, deviceApiLevel: 29, deviceManufacturer: Google, deviceModel: Android SDK built for x86, deviceName: emulator-5554, deviceScreenDensity: 400, deviceScreenSize: 1080x2160, deviceUDID: emulator-5554, javascriptEnabled: true, locationContextEnabled: false, networkConnectionEnabled: true, newCommandTimeout: 90000, noResetValue: false, pixelRatio: 2.5, platform: LINUX, platformName: LINUX, platformVersion: 10, resetKeyboard: true, statBarHeight: 60, takesScreenshot: true, udid: emulator-5554, unicodeKeyboard: true, viewportRect: {height: 1980, left: 0, top: 60, width: 1080}, warnings: {}, webStorageEnabled: false}
Session ID: e4c60659-b758-42d2-84a6-3e31e2cdaf1f
*** Element info: {Using=xpath, value=//androidx.appcompat.app.ActionBar.Tab[@content-desc=&amp;apos;Me&amp;apos;]/android.widget.ImageView}">
      <![CDATA[org.openqa.selenium.NoSuchElementException: An element could not be located on the page using the given search parameters.
For documentation on this error, please visit: https://www.seleniumhq.org/exceptions/no_such_element.html
Build info: version: '3.141.59', revision: 'e82be7d358', time: '2018-11-14T08:17:03'
System info: host: 'DESKTOP-V9K624K', ip: '192.168.43.117', os.name: 'Windows 10', os.arch: 'amd64', os.version: '10.0', java.version: '14'
Driver info: io.appium.java_client.AppiumDriver
Capabilities {app: D:\ls\keanu-appium-testing\..., appActivity: info.guardianproject.keanua..., appPackage: info.guardianproject.keanuapp, autoGrantPermissions: true, automationName: UiAutomator2, databaseEnabled: false, desired: {app: D:\ls\keanu-appium-testing\..., appActivity: info.guardianproject.keanua..., appPackage: info.guardianproject.keanuapp, autoGrantPermissions: true, automationName: UiAutomator2, device: Google Pixel, newCommandTimeout: 90000, noResetValue: false, platformName: android, resetKeyboard: true, udid: emulator-5554, unicodeKeyboard: true}, device: Google Pixel, deviceApiLevel: 29, deviceManufacturer: Google, deviceModel: Android SDK built for x86, deviceName: emulator-5554, deviceScreenDensity: 400, deviceScreenSize: 1080x2160, deviceUDID: emulator-5554, javascriptEnabled: true, locationContextEnabled: false, networkConnectionEnabled: true, newCommandTimeout: 90000, noResetValue: false, pixelRatio: 2.5, platform: LINUX, platformName: LINUX, platformVersion: 10, resetKeyboard: true, statBarHeight: 60, takesScreenshot: true, udid: emulator-5554, unicodeKeyboard: true, viewportRect: {height: 1980, left: 0, top: 60, width: 1080}, warnings: {}, webStorageEnabled: false}
Session ID: e4c60659-b758-42d2-84a6-3e31e2cdaf1f
*** Element info: {Using=xpath, value=//androidx.appcompat.app.ActionBar.Tab[@content-desc='Me']/android.widget.ImageView}
	at org.openqa.selenium.remote.http.W3CHttpResponseCodec.createException(W3CHttpResponseCodec.java:187)
	at org.openqa.selenium.remote.http.W3CHttpResponseCodec.decode(W3CHttpResponseCodec.java:122)
	at org.openqa.selenium.remote.http.W3CHttpResponseCodec.decode(W3CHttpResponseCodec.java:49)
	at org.openqa.selenium.remote.HttpCommandExecutor.execute(HttpCommandExecutor.java:158)
	at io.appium.java_client.remote.AppiumCommandExecutor.execute(AppiumCommandExecutor.java:239)
	at org.openqa.selenium.remote.RemoteWebDriver.execute(RemoteWebDriver.java:552)
	at io.appium.java_client.DefaultGenericMobileDriver.execute(DefaultGenericMobileDriver.java:42)
	at io.appium.java_client.AppiumDriver.execute(AppiumDriver.java:1)
	at org.openqa.selenium.remote.RemoteWebDriver.findElement(RemoteWebDriver.java:323)
	at io.appium.java_client.DefaultGenericMobileDriver.findElement(DefaultGenericMobileDriver.java:62)
	at io.appium.java_client.AppiumDriver.findElement(AppiumDriver.java:1)
	at org.openqa.selenium.remote.RemoteWebDriver.findElementByXPath(RemoteWebDriver.java:428)
	at io.appium.java_client.DefaultGenericMobileDriver.findElementByXPath(DefaultGenericMobileDriver.java:152)
	at io.appium.java_client.AppiumDriver.findElementByXPath(AppiumDriver.java:1)
	at org.openqa.selenium.By$ByXPath.findElement(By.java:353)
	at org.openqa.selenium.remote.RemoteWebDriver.findElement(RemoteWebDriver.java:315)
	at io.appium.java_client.DefaultGenericMobileDriver.findElement(DefaultGenericMobileDriver.java:58)
	at io.appium.java_client.AppiumDriver.findElement(AppiumDriver.java:1)
	at keanu.Library.AppLibrary.findElementForMobile(AppLibrary.java:285)
	at keanu.PageObject.AppHeaders.navigateToMyProfile(AppHeaders.java:114)
	at keanu.Tests.MyProfileSignInTest.verifyUser(MyProfileSignInTest.java:55)
... Removed 29 stack frames]]>
    </failure>
  </testcase> <!-- verifyUser -->
</testsuite> <!-- MyProfile SignIn Test -->
