<?xml version="1.0" encoding="UTF-8"?>
<!-- Generated by org.testng.reporters.JUnitXMLReporter -->
<testsuite hostname="DESKTOP-V9K624K" failures="0" tests="5" name="Chat: Leave And Archive Test" time="0.097" errors="0" timestamp="20 Jul 2020 11:15:20 GMT">
  <testcase classname="keanu.Tests.ChatLeaveAndArchiveTest" name="@BeforeClass setUp" time="0.0">
    <failure type="org.openqa.selenium.SessionNotCreatedException" message="Unable to create a new remote session. Please check the server log for more details. Original error: An unknown server-side error occurred while processing the command. Original error: You must include a platformName capability (WARNING: The server did not provide any stacktrace information)
Command duration or timeout: 14 milliseconds
Build info: version: &amp;apos;3.141.59&amp;apos;, revision: &amp;apos;e82be7d358&amp;apos;, time: &amp;apos;2018-11-14T08:17:03&amp;apos;
System info: host: &amp;apos;DESKTOP-V9K624K&amp;apos;, ip: &amp;apos;192.168.43.117&amp;apos;, os.name: &amp;apos;Windows 10&amp;apos;, os.arch: &amp;apos;amd64&amp;apos;, os.version: &amp;apos;10.0&amp;apos;, java.version: &amp;apos;14&amp;apos;
Driver info: driver.version: AppiumDriver
Build info: version: &amp;apos;3.141.59&amp;apos;, revision: &amp;apos;e82be7d358&amp;apos;, time: &amp;apos;2018-11-14T08:17:03&amp;apos;
System info: host: &amp;apos;DESKTOP-V9K624K&amp;apos;, ip: &amp;apos;192.168.43.117&amp;apos;, os.name: &amp;apos;Windows 10&amp;apos;, os.arch: &amp;apos;amd64&amp;apos;, os.version: &amp;apos;10.0&amp;apos;, java.version: &amp;apos;14&amp;apos;
Driver info: driver.version: AppiumDriver">
      <![CDATA[org.openqa.selenium.SessionNotCreatedException: Unable to create a new remote session. Please check the server log for more details. Original error: An unknown server-side error occurred while processing the command. Original error: You must include a platformName capability (WARNING: The server did not provide any stacktrace information)
Command duration or timeout: 14 milliseconds
Build info: version: '3.141.59', revision: 'e82be7d358', time: '2018-11-14T08:17:03'
System info: host: 'DESKTOP-V9K624K', ip: '192.168.43.117', os.name: 'Windows 10', os.arch: 'amd64', os.version: '10.0', java.version: '14'
Driver info: driver.version: AppiumDriver
Build info: version: '3.141.59', revision: 'e82be7d358', time: '2018-11-14T08:17:03'
System info: host: 'DESKTOP-V9K624K', ip: '192.168.43.117', os.name: 'Windows 10', os.arch: 'amd64', os.version: '10.0', java.version: '14'
Driver info: driver.version: AppiumDriver
	at io.appium.java_client.remote.AppiumCommandExecutor$1.createSession(AppiumCommandExecutor.java:208)
	at io.appium.java_client.remote.AppiumCommandExecutor.createSession(AppiumCommandExecutor.java:217)
	at io.appium.java_client.remote.AppiumCommandExecutor.execute(AppiumCommandExecutor.java:239)
	at org.openqa.selenium.remote.RemoteWebDriver.execute(RemoteWebDriver.java:552)
	at io.appium.java_client.DefaultGenericMobileDriver.execute(DefaultGenericMobileDriver.java:42)
	at io.appium.java_client.AppiumDriver.execute(AppiumDriver.java:1)
	at org.openqa.selenium.remote.RemoteWebDriver.startSession(RemoteWebDriver.java:213)
	at org.openqa.selenium.remote.RemoteWebDriver.<init>(RemoteWebDriver.java:131)
	at io.appium.java_client.DefaultGenericMobileDriver.<init>(DefaultGenericMobileDriver.java:38)
	at io.appium.java_client.AppiumDriver.<init>(AppiumDriver.java:84)
	at io.appium.java_client.AppiumDriver.<init>(AppiumDriver.java:94)
	at keanu.Library.AppLibrary.getDriverInstance(AppLibrary.java:116)
	at keanu.Tests.ChatLeaveAndArchiveTest.setUp(ChatLeaveAndArchiveTest.java:52)
	at io.appium.java_client.remote.AppiumCommandExecutor$1.createSession(AppiumCommandExecutor.java:186)
	... 36 more
Caused by: org.openqa.selenium.WebDriverException: An unknown server-side error occurred while processing the command. Original error: You must include a platformName capability (WARNING: The server did not provide any stacktrace information)
Command duration or timeout: 14 milliseconds
Build info: version: '3.141.59', revision: 'e82be7d358', time: '2018-11-14T08:17:03'
System info: host: 'DESKTOP-V9K624K', ip: '192.168.43.117', os.name: 'Windows 10', os.arch: 'amd64', os.version: '10.0', java.version: '14'
Driver info: driver.version: AppiumDriver
	at org.openqa.selenium.remote.ErrorHandler.createThrowable(ErrorHandler.java:214)
	at org.openqa.selenium.remote.ErrorHandler.throwIfResponseFailed(ErrorHandler.java:166)
	at org.openqa.selenium.remote.JsonWireProtocolResponse.lambda$errorHandler$0(JsonWireProtocolResponse.java:54)
	at org.openqa.selenium.remote.HandshakeResponse.lambda$getResponseFunction$0(HandshakeResponse.java:30)
	at org.openqa.selenium.remote.ProtocolHandshake.lambda$createSession$0(ProtocolHandshake.java:126)
	at java.base/java.util.stream.ReferencePipeline$3$1.accept(ReferencePipeline.java:195)
	at java.base/java.util.Spliterators$ArraySpliterator.tryAdvance(Spliterators.java:958)
	at java.base/java.util.stream.ReferencePipeline.forEachWithCancel(ReferencePipeline.java:127)
	at java.base/java.util.stream.AbstractPipeline.copyIntoWithCancel(AbstractPipeline.java:502)
	at java.base/java.util.stream.AbstractPipeline.copyInto(AbstractPipeline.java:488)
	at java.base/java.util.stream.AbstractPipeline.wrapAndCopyInto(AbstractPipeline.java:474)
	at java.base/java.util.stream.FindOps$FindOp.evaluateSequential(FindOps.java:150)
	at java.base/java.util.stream.AbstractPipeline.evaluate(AbstractPipeline.java:234)
	at java.base/java.util.stream.ReferencePipeline.findFirst(ReferencePipeline.java:543)
	at org.openqa.selenium.remote.ProtocolHandshake.createSession(ProtocolHandshake.java:128)
	... 41 more
... Removed 34 stack frames]]>
    </failure>
  </testcase> <!-- @BeforeClass setUp -->
  <testcase classname="keanu.Tests.ChatLeaveAndArchiveTest" name="@AfterMethod checkAlerts" time="0.0">
    <skipped/>
  </testcase> <!-- @AfterMethod checkAlerts -->
  <testcase classname="keanu.Tests.ChatLeaveAndArchiveTest" name="@AfterMethod handelErrorPopup" time="0.0">
    <skipped/>
  </testcase> <!-- @AfterMethod handelErrorPopup -->
  <testcase classname="keanu.Tests.ChatLeaveAndArchiveTest" name="@AfterMethod checkAlerts" time="0.0">
    <skipped/>
  </testcase> <!-- @AfterMethod checkAlerts -->
  <testcase classname="keanu.Tests.ChatLeaveAndArchiveTest" name="@AfterMethod handelErrorPopup" time="0.0">
    <skipped/>
  </testcase> <!-- @AfterMethod handelErrorPopup -->
  <testcase classname="keanu.Tests.ChatLeaveAndArchiveTest" name="@AfterMethod checkAlerts" time="0.0">
    <skipped/>
  </testcase> <!-- @AfterMethod checkAlerts -->
  <testcase classname="keanu.Tests.ChatLeaveAndArchiveTest" name="@AfterMethod handelErrorPopup" time="0.0">
    <skipped/>
  </testcase> <!-- @AfterMethod handelErrorPopup -->
  <testcase classname="keanu.Tests.ChatLeaveAndArchiveTest" name="@AfterMethod checkAlerts" time="0.0">
    <skipped/>
  </testcase> <!-- @AfterMethod checkAlerts -->
  <testcase classname="keanu.Tests.ChatLeaveAndArchiveTest" name="@AfterMethod handelErrorPopup" time="0.0">
    <skipped/>
  </testcase> <!-- @AfterMethod handelErrorPopup -->
  <testcase classname="keanu.Tests.ChatLeaveAndArchiveTest" name="@AfterMethod checkAlerts" time="0.0">
    <skipped/>
  </testcase> <!-- @AfterMethod checkAlerts -->
  <testcase classname="keanu.Tests.ChatLeaveAndArchiveTest" name="@AfterMethod handelErrorPopup" time="0.0">
    <skipped/>
  </testcase> <!-- @AfterMethod handelErrorPopup -->
  <testcase classname="keanu.Tests.ChatLeaveAndArchiveTest" name="userLogin" time="0.002">
    <skipped/>
  </testcase> <!-- userLogin -->
  <testcase classname="keanu.Tests.ChatLeaveAndArchiveTest" name="createChatRoom" time="0.003">
    <skipped/>
  </testcase> <!-- createChatRoom -->
  <testcase classname="keanu.Tests.ChatLeaveAndArchiveTest" name="archiveRoomFromGroupInfo" time="0.002">
    <skipped/>
  </testcase> <!-- archiveRoomFromGroupInfo -->
  <testcase classname="keanu.Tests.ChatLeaveAndArchiveTest" name="leaveRoomFromGroupInfo" time="0.001">
    <skipped/>
  </testcase> <!-- leaveRoomFromGroupInfo -->
  <testcase classname="keanu.Tests.ChatLeaveAndArchiveTest" name="DeleteContact" time="0.002">
    <skipped/>
  </testcase> <!-- DeleteContact -->
</testsuite> <!-- Chat: Leave And Archive Test -->
